<?xml version="1.0" encoding="UTF-8"?>
<testsuite name="RaceCounterTest" tests="3" skipped="0" failures="0" errors="0" timestamp="2024-09-15T18:45:32" hostname="DESKTOP-URGQT26" time="0.41">
  <properties/>
  <testcase name="startCounter_threadsRunning_2008()" classname="RaceCounterTest" time="0.303"/>
  <testcase name="getCounter_2000Threads_2000()" classname="RaceCounterTest" time="0.096"/>
  <testcase name="counter_isAtomicInteger()" classname="RaceCounterTest" time="0.004"/>
  <system-out><![CDATA[]]></system-out>
  <system-err><![CDATA[]]></system-err>
</testsuite>
